TN:
SF:app.js
FN:30,(anonymous_0)
FN:35,(anonymous_1)
FNF:2
FNH:2
FNDA:2,(anonymous_0)
FNDA:24,(anonymous_1)
DA:5,4
DA:6,4
DA:8,4
DA:10,4
DA:11,4
DA:12,4
DA:13,4
DA:15,4
DA:17,4
DA:19,4
DA:20,4
DA:21,4
DA:22,4
DA:24,4
DA:25,4
DA:26,4
DA:30,4
DA:31,2
DA:35,4
DA:36,24
DA:37,24
DA:38,24
DA:40,24
DA:45,4
LF:24
LH:24
BRDA:36,0,0,1
BRDA:36,0,1,23
BRDA:37,1,0,24
BRDA:37,1,1,1
BRF:4
BRH:4
end_of_record
TN:
SF:config.js
FN:13,getDatabaseUri
FNF:1
FNH:1
FNDA:18,getDatabaseUri
DA:5,9
DA:6,9
DA:8,9
DA:10,9
DA:14,18
DA:22,9
DA:24,9
DA:25,9
DA:26,9
DA:27,9
DA:28,9
DA:29,9
DA:31,9
LF:13
LH:13
BRDA:8,0,0,9
BRDA:8,0,1,8
BRDA:10,1,0,9
BRDA:10,1,1,8
BRDA:14,2,0,15
BRDA:14,2,1,3
BRDA:16,3,0,3
BRDA:16,3,1,1
BRDA:22,4,0,8
BRDA:22,4,1,1
BRF:10
BRH:10
end_of_record
TN:
SF:db.js
FNF:0
FNH:0
DA:5,6
DA:6,6
DA:8,6
DA:12,6
DA:14,6
LF:5
LH:5
BRF:0
BRH:0
end_of_record
TN:
SF:expressError.js
FN:8,(anonymous_0)
FN:18,(anonymous_1)
FN:26,(anonymous_2)
FN:34,(anonymous_3)
FN:42,(anonymous_4)
FNF:5
FNH:4
FNDA:38,(anonymous_0)
FNDA:11,(anonymous_1)
FNDA:11,(anonymous_2)
FNDA:16,(anonymous_3)
FNDA:0,(anonymous_4)
DA:9,38
DA:10,38
DA:11,38
DA:19,11
DA:27,11
DA:35,16
DA:43,0
DA:47,8
LF:8
LH:7
BRDA:18,0,0,2
BRDA:26,1,0,7
BRDA:34,2,0,0
BRDA:42,3,0,0
BRF:4
BRH:2
end_of_record
TN:
SF:helpers/sql.js
FN:17,sqlForPartialUpdate
FN:23,(anonymous_1)
FNF:2
FNH:2
FNDA:12,sqlForPartialUpdate
FNDA:24,(anonymous_1)
DA:1,7
DA:18,12
DA:19,12
DA:22,9
DA:23,24
DA:26,9
DA:33,7
LF:7
LH:7
BRDA:19,0,0,3
BRDA:19,0,1,9
BRDA:23,1,0,24
BRDA:23,1,1,11
BRF:4
BRH:4
end_of_record
TN:
SF:helpers/tokens.js
FN:6,createToken
FNF:1
FNH:1
FNDA:11,createToken
DA:1,5
DA:2,5
DA:7,11
DA:10,11
DA:15,11
DA:18,5
LF:6
LH:6
BRDA:12,0,0,11
BRDA:12,0,1,7
BRF:2
BRH:2
end_of_record
TN:
SF:middleware/auth.js
FN:18,authenticateJWT
FN:36,ensureLoggedIn
FN:45,isAdmin
FN:53,isAdminOrSpecificUser
FNF:4
FNH:4
FNDA:39,authenticateJWT
FNDA:17,ensureLoggedIn
FNDA:15,isAdmin
FNDA:1,isAdminOrSpecificUser
DA:5,5
DA:6,5
DA:7,5
DA:19,39
DA:20,39
DA:21,39
DA:22,16
DA:23,16
DA:25,38
DA:27,1
DA:37,17
DA:38,14
DA:39,14
DA:46,15
DA:47,10
DA:54,1
DA:56,1
DA:57,0
DA:59,1
DA:62,5
LF:20
LH:19
BRDA:20,0,0,39
BRDA:20,0,1,38
BRDA:21,1,0,16
BRDA:21,1,1,23
BRDA:37,2,0,3
BRDA:37,2,1,14
BRDA:46,3,0,4
BRDA:46,3,1,10
BRDA:56,4,0,0
BRDA:56,4,1,1
BRDA:56,5,0,1
BRDA:56,5,1,0
BRF:12
BRH:10
end_of_record
TN:
SF:models/_testCommon.js
FN:6,commonBeforeAll
FN:33,commonBeforeEach
FN:37,commonAfterEach
FN:41,commonAfterAll
FNF:4
FNH:4
FNDA:2,commonBeforeAll
FNDA:30,commonBeforeEach
FNDA:30,commonAfterEach
FNDA:2,commonAfterAll
DA:1,2
DA:3,2
DA:4,2
DA:8,2
DA:10,2
DA:12,2
DA:18,2
DA:34,30
DA:38,30
DA:42,2
DA:46,2
LF:11
LH:11
BRF:0
BRH:0
end_of_record
TN:
SF:models/company.js
FN:19,(anonymous_0)
FN:56,(anonymous_1)
FN:96,(anonymous_2)
FN:122,(anonymous_3)
FN:153,(anonymous_4)
FN:178,(anonymous_5)
FNF:6
FNH:6
FNDA:13,(anonymous_0)
FNDA:10,(anonymous_1)
FNDA:10,(anonymous_2)
FNDA:5,(anonymous_3)
FNDA:6,(anonymous_4)
FNDA:4,(anonymous_5)
DA:3,5
DA:4,5
DA:5,5
DA:20,13
DA:27,13
DA:28,1
DA:30,12
DA:42,12
DA:44,12
DA:57,10
DA:58,10
DA:59,10
DA:61,10
DA:62,9
DA:63,9
DA:65,9
DA:66,3
DA:67,3
DA:70,9
DA:71,4
DA:72,4
DA:75,9
DA:76,1
DA:77,1
DA:80,9
DA:81,1
DA:82,8
DA:83,6
DA:86,10
DA:97,10
DA:98,10
DA:111,9
DA:123,5
DA:134,5
DA:136,5
DA:138,3
DA:154,6
DA:158,5
DA:160,5
DA:165,5
DA:166,5
DA:168,5
DA:170,3
DA:179,4
DA:186,4
DA:188,4
DA:192,5
LF:47
LH:47
BRDA:27,0,0,1
BRDA:27,0,1,12
BRDA:61,1,0,9
BRDA:61,1,1,1
BRDA:65,2,0,3
BRDA:65,2,1,6
BRDA:70,3,0,4
BRDA:70,3,1,5
BRDA:75,4,0,1
BRDA:75,4,1,8
BRDA:80,5,0,1
BRDA:80,5,1,8
BRDA:82,6,0,6
BRDA:82,6,1,2
BRDA:136,7,0,2
BRDA:136,7,1,3
BRDA:168,8,0,2
BRDA:168,8,1,3
BRDA:188,9,0,2
BRDA:188,9,1,2
BRF:20
BRH:20
end_of_record
TN:
SF:models/user.js
FN:24,(anonymous_0)
FN:59,(anonymous_1)
FN:104,(anonymous_2)
FN:126,(anonymous_3)
FN:162,(anonymous_4)
FN:195,(anonymous_5)
FNF:6
FNH:6
FNDA:6,(anonymous_0)
FNDA:17,(anonymous_1)
FNDA:1,(anonymous_2)
FNDA:3,(anonymous_3)
FNDA:4,(anonymous_4)
FNDA:2,(anonymous_5)
DA:3,5
DA:4,5
DA:5,5
DA:10,5
DA:12,5
DA:26,6
DA:38,6
DA:40,6
DA:42,3
DA:43,3
DA:44,2
DA:45,2
DA:49,4
DA:61,17
DA:68,17
DA:69,1
DA:72,16
DA:74,16
DA:94,16
DA:96,16
DA:105,1
DA:115,1
DA:127,3
DA:138,3
DA:140,3
DA:142,2
DA:163,4
DA:164,1
DA:167,4
DA:174,3
DA:176,3
DA:184,3
DA:185,3
DA:187,3
DA:189,2
DA:190,2
DA:196,2
DA:203,2
DA:205,2
DA:210,5
LF:40
LH:40
BRDA:40,0,0,3
BRDA:40,0,1,3
BRDA:43,1,0,2
BRDA:43,1,1,1
BRDA:68,2,0,1
BRDA:68,2,1,16
BRDA:140,3,0,1
BRDA:140,3,1,2
BRDA:163,4,0,1
BRDA:163,4,1,3
BRDA:187,5,0,1
BRDA:187,5,1,2
BRDA:205,6,0,1
BRDA:205,6,1,1
BRF:14
BRH:14
end_of_record
TN:
SF:routes/_testCommon.js
FN:8,commonBeforeAll
FN:73,commonBeforeEach
FN:77,commonAfterEach
FN:81,commonAfterAll
FNF:4
FNH:4
FNDA:3,commonBeforeAll
FNDA:34,commonBeforeEach
FNDA:34,commonAfterEach
FNDA:3,commonAfterAll
DA:3,3
DA:4,3
DA:5,3
DA:6,3
DA:10,3
DA:12,3
DA:14,3
DA:22,3
DA:30,3
DA:39,3
DA:47,3
DA:55,3
DA:63,3
DA:74,34
DA:78,34
DA:82,3
DA:86,3
DA:87,3
DA:90,3
LF:19
LH:19
BRF:0
BRH:0
end_of_record
TN:
SF:routes/auth.js
FN:22,(anonymous_0)
FN:29,(anonymous_1)
FN:49,(anonymous_2)
FN:56,(anonymous_3)
FNF:4
FNH:4
FNDA:5,(anonymous_0)
FNDA:2,(anonymous_1)
FNDA:3,(anonymous_2)
FNDA:5,(anonymous_3)
DA:5,4
DA:7,4
DA:8,4
DA:9,4
DA:10,4
DA:11,4
DA:12,4
DA:13,4
DA:22,4
DA:23,5
DA:28,5
DA:29,2
DA:30,2
DA:33,3
DA:34,3
DA:35,1
DA:36,1
DA:49,4
DA:50,3
DA:55,3
DA:56,5
DA:57,2
DA:60,1
DA:61,1
DA:62,1
DA:66,4
LF:26
LH:26
BRDA:28,0,0,2
BRDA:28,0,1,3
BRDA:55,1,0,2
BRDA:55,1,1,1
BRF:4
BRH:4
end_of_record
TN:
SF:routes/companies.js
FN:28,(anonymous_0)
FN:35,(anonymous_1)
FN:54,(anonymous_2)
FN:71,(anonymous_3)
FN:88,(anonymous_4)
FN:104,(anonymous_5)
FN:111,(anonymous_6)
FN:124,(anonymous_7)
FNF:8
FNH:8
FNDA:3,(anonymous_0)
FNDA:3,(anonymous_1)
FNDA:8,(anonymous_2)
FNDA:3,(anonymous_3)
FNDA:3,(anonymous_4)
FNDA:4,(anonymous_5)
FNDA:2,(anonymous_6)
FNDA:2,(anonymous_7)
DA:5,4
DA:6,4
DA:8,4
DA:9,4
DA:10,4
DA:12,4
DA:13,4
DA:14,4
DA:16,4
DA:28,4
DA:29,3
DA:34,3
DA:35,3
DA:36,2
DA:39,1
DA:40,1
DA:54,4
DA:55,8
DA:57,8
DA:58,2
DA:60,8
DA:61,2
DA:64,8
DA:65,8
DA:70,8
DA:71,3
DA:72,3
DA:76,5
DA:77,4
DA:88,4
DA:89,3
DA:90,2
DA:104,4
DA:105,4
DA:110,4
DA:111,2
DA:112,2
DA:115,2
DA:116,1
DA:124,4
DA:125,2
DA:126,1
DA:130,4
LF:43
LH:43
BRDA:34,0,0,2
BRDA:34,0,1,1
BRDA:57,1,0,2
BRDA:57,1,1,6
BRDA:60,2,0,2
BRDA:60,2,1,6
BRDA:64,3,0,8
BRDA:64,3,1,0
BRDA:70,4,0,3
BRDA:70,4,1,5
BRDA:110,5,0,2
BRDA:110,5,1,2
BRF:12
BRH:11
end_of_record
TN:
SF:routes/users.js
FN:29,(anonymous_0)
FN:34,(anonymous_1)
FN:50,(anonymous_2)
FN:66,(anonymous_3)
FN:86,(anonymous_4)
FN:91,(anonymous_5)
FN:109,(anonymous_6)
FNF:7
FNH:1
FNDA:0,(anonymous_0)
FNDA:0,(anonymous_1)
FNDA:0,(anonymous_2)
FNDA:1,(anonymous_3)
FNDA:0,(anonymous_4)
FNDA:0,(anonymous_5)
FNDA:0,(anonymous_6)
DA:5,4
DA:7,4
DA:8,4
DA:9,4
DA:10,4
DA:11,4
DA:12,4
DA:13,4
DA:15,4
DA:29,4
DA:30,0
DA:33,0
DA:34,0
DA:35,0
DA:38,0
DA:39,0
DA:40,0
DA:50,4
DA:51,0
DA:52,0
DA:62,4
DA:67,1
DA:68,1
DA:82,4
DA:87,0
DA:90,0
DA:91,0
DA:92,0
DA:95,0
DA:96,0
DA:105,4
DA:110,0
DA:111,0
DA:115,4
LF:34
LH:17
BRDA:33,0,0,0
BRDA:33,0,1,0
BRDA:90,1,0,0
BRDA:90,1,1,0
BRF:4
BRH:0
end_of_record
