TN:
SF:app.js
FN:30,(anonymous_0)
FN:35,(anonymous_1)
FNF:2
FNH:2
FNDA:2,(anonymous_0)
FNDA:41,(anonymous_1)
DA:5,4
DA:6,4
DA:8,4
DA:10,4
DA:11,4
DA:12,4
DA:13,4
DA:15,4
DA:17,4
DA:19,4
DA:20,4
DA:21,4
DA:22,4
DA:24,4
DA:25,4
DA:26,4
DA:30,4
DA:31,2
DA:35,4
DA:36,41
DA:39,41
DA:40,41
DA:42,41
DA:47,4
LF:24
LH:24
BRDA:36,0,0,1
BRDA:36,0,1,40
BRDA:39,1,0,41
BRDA:39,1,1,2
BRF:4
BRH:4
end_of_record
TN:
SF:config.js
FN:13,getDatabaseUri
FNF:1
FNH:1
FNDA:20,getDatabaseUri
DA:5,10
DA:6,10
DA:8,10
DA:10,10
DA:14,20
DA:22,10
DA:24,10
DA:25,10
DA:26,10
DA:27,10
DA:28,10
DA:29,10
DA:31,10
LF:13
LH:13
BRDA:8,0,0,10
BRDA:8,0,1,9
BRDA:10,1,0,10
BRDA:10,1,1,9
BRDA:14,2,0,17
BRDA:14,2,1,3
BRDA:16,3,0,3
BRDA:16,3,1,1
BRDA:22,4,0,9
BRDA:22,4,1,1
BRF:10
BRH:10
end_of_record
TN:
SF:db.js
FNF:0
FNH:0
DA:5,7
DA:6,7
DA:8,7
DA:12,7
DA:14,7
LF:5
LH:5
BRF:0
BRH:0
end_of_record
TN:
SF:expressError.js
FN:8,(anonymous_0)
FN:18,(anonymous_1)
FN:26,(anonymous_2)
FN:34,(anonymous_3)
FN:42,(anonymous_4)
FNF:5
FNH:4
FNDA:59,(anonymous_0)
FNDA:17,(anonymous_1)
FNDA:22,(anonymous_2)
FNDA:20,(anonymous_3)
FNDA:0,(anonymous_4)
DA:9,59
DA:10,59
DA:11,59
DA:19,17
DA:27,22
DA:35,20
DA:43,0
DA:47,9
LF:8
LH:7
BRDA:18,0,0,2
BRDA:26,1,0,18
BRDA:34,2,0,0
BRDA:42,3,0,0
BRF:4
BRH:2
end_of_record
TN:
SF:helpers/sql.js
FN:17,sqlForPartialUpdate
FN:23,(anonymous_1)
FNF:2
FNH:2
FNDA:19,sqlForPartialUpdate
FNDA:34,(anonymous_1)
DA:1,8
DA:18,19
DA:19,19
DA:22,15
DA:23,34
DA:26,15
DA:33,8
LF:7
LH:7
BRDA:19,0,0,4
BRDA:19,0,1,15
BRDA:23,1,0,34
BRDA:23,1,1,18
BRF:4
BRH:4
end_of_record
TN:
SF:helpers/tokens.js
FN:6,createToken
FNF:1
FNH:1
FNDA:13,createToken
DA:1,5
DA:2,5
DA:7,13
DA:10,13
DA:15,13
DA:18,5
LF:6
LH:6
BRDA:12,0,0,13
BRDA:12,0,1,8
BRF:2
BRH:2
end_of_record
TN:
SF:middleware/auth.js
FN:17,authenticateJWT
FN:35,ensureLoggedIn
FN:43,ensureIsAdmin
FN:51,ensureIsAdminOrSpecificUser
FNF:4
FNH:4
FNDA:65,authenticateJWT
FNDA:43,ensureLoggedIn
FNDA:23,ensureIsAdmin
FNDA:17,ensureIsAdminOrSpecificUser
DA:5,5
DA:6,5
DA:7,5
DA:18,65
DA:19,65
DA:20,65
DA:21,37
DA:22,37
DA:24,64
DA:26,1
DA:36,43
DA:37,35
DA:44,23
DA:45,16
DA:52,17
DA:54,17
DA:55,4
DA:57,13
DA:60,5
LF:19
LH:19
BRDA:19,0,0,65
BRDA:19,0,1,64
BRDA:20,1,0,37
BRDA:20,1,1,28
BRDA:36,2,0,8
BRDA:36,2,1,35
BRDA:44,3,0,6
BRDA:44,3,1,16
BRDA:54,4,0,4
BRDA:54,4,1,13
BRDA:54,5,0,17
BRDA:54,5,1,8
BRF:12
BRH:12
end_of_record
TN:
SF:models/_testCommon.js
FN:7,commonBeforeAll
FN:53,commonBeforeEach
FN:57,commonAfterEach
FN:61,commonAfterAll
FNF:4
FNH:4
FNDA:3,commonBeforeAll
FNDA:43,commonBeforeEach
FNDA:43,commonAfterEach
FNDA:3,commonAfterAll
DA:1,3
DA:3,3
DA:4,3
DA:5,3
DA:9,3
DA:11,3
DA:13,3
DA:19,3
DA:35,3
DA:48,3
DA:49,6
DA:54,43
DA:58,43
DA:62,3
DA:65,3
LF:15
LH:15
BRF:0
BRH:0
end_of_record
TN:
SF:models/company.js
FN:19,(anonymous_0)
FN:56,(anonymous_1)
FN:96,(anonymous_2)
FN:122,(anonymous_3)
FN:153,(anonymous_4)
FN:178,(anonymous_5)
FNF:6
FNH:6
FNDA:13,(anonymous_0)
FNDA:10,(anonymous_1)
FNDA:10,(anonymous_2)
FNDA:5,(anonymous_3)
FNDA:6,(anonymous_4)
FNDA:4,(anonymous_5)
DA:3,5
DA:4,5
DA:5,5
DA:20,13
DA:27,13
DA:28,1
DA:30,12
DA:42,12
DA:44,12
DA:57,10
DA:58,10
DA:59,10
DA:61,10
DA:62,9
DA:63,9
DA:65,9
DA:66,3
DA:67,3
DA:70,9
DA:71,4
DA:72,4
DA:75,9
DA:76,1
DA:77,1
DA:80,9
DA:81,1
DA:82,8
DA:83,6
DA:86,10
DA:97,10
DA:98,10
DA:111,9
DA:123,5
DA:134,5
DA:136,5
DA:138,3
DA:154,6
DA:158,5
DA:160,5
DA:165,5
DA:166,5
DA:168,5
DA:170,3
DA:179,4
DA:186,4
DA:188,4
DA:192,5
LF:47
LH:47
BRDA:27,0,0,1
BRDA:27,0,1,12
BRDA:61,1,0,9
BRDA:61,1,1,1
BRDA:65,2,0,3
BRDA:65,2,1,6
BRDA:70,3,0,4
BRDA:70,3,1,5
BRDA:75,4,0,1
BRDA:75,4,1,8
BRDA:80,5,0,1
BRDA:80,5,1,8
BRDA:82,6,0,6
BRDA:82,6,1,2
BRDA:136,7,0,2
BRDA:136,7,1,3
BRDA:168,8,0,2
BRDA:168,8,1,3
BRDA:188,9,0,2
BRDA:188,9,1,2
BRF:20
BRH:20
end_of_record
TN:
SF:models/job.js
FN:19,(anonymous_0)
FN:45,(anonymous_1)
FN:86,(anonymous_2)
FN:111,(anonymous_3)
FN:141,(anonymous_4)
FN:163,(anonymous_5)
FNF:6
FNH:6
FNDA:1,(anonymous_0)
FNDA:5,(anonymous_1)
FNDA:5,(anonymous_2)
FNDA:2,(anonymous_3)
FNDA:3,(anonymous_4)
FNDA:2,(anonymous_5)
DA:3,1
DA:4,1
DA:5,1
DA:20,1
DA:31,1
DA:33,1
DA:46,5
DA:47,5
DA:48,5
DA:50,5
DA:51,4
DA:52,4
DA:54,4
DA:55,2
DA:56,2
DA:59,4
DA:60,1
DA:61,1
DA:64,4
DA:65,1
DA:68,4
DA:69,1
DA:70,3
DA:71,3
DA:75,5
DA:87,5
DA:88,5
DA:100,5
DA:112,2
DA:123,2
DA:124,2
DA:126,1
DA:142,3
DA:143,2
DA:145,2
DA:150,2
DA:151,2
DA:153,2
DA:155,1
DA:164,2
DA:171,2
DA:173,2
DA:177,1
LF:43
LH:43
BRDA:50,0,0,4
BRDA:50,0,1,1
BRDA:54,1,0,2
BRDA:54,1,1,2
BRDA:59,2,0,1
BRDA:59,2,1,3
BRDA:64,3,0,1
BRDA:64,3,1,3
BRDA:68,4,0,1
BRDA:68,4,1,3
BRDA:70,5,0,3
BRDA:70,5,1,0
BRDA:124,6,0,1
BRDA:124,6,1,1
BRDA:153,7,0,1
BRDA:153,7,1,1
BRDA:173,8,0,1
BRDA:173,8,1,1
BRF:18
BRH:17
end_of_record
TN:
SF:models/user.js
FN:24,(anonymous_0)
FN:59,(anonymous_1)
FN:104,(anonymous_2)
FN:126,(anonymous_3)
FN:162,(anonymous_4)
FN:195,(anonymous_5)
FNF:6
FNH:6
FNDA:7,(anonymous_0)
FNDA:19,(anonymous_1)
FNDA:3,(anonymous_2)
FNDA:5,(anonymous_3)
FNDA:8,(anonymous_4)
FNDA:5,(anonymous_5)
DA:3,5
DA:4,5
DA:5,5
DA:10,5
DA:12,5
DA:26,7
DA:38,7
DA:40,7
DA:42,4
DA:43,4
DA:44,3
DA:45,3
DA:49,4
DA:61,19
DA:68,19
DA:69,1
DA:72,18
DA:74,18
DA:94,18
DA:96,18
DA:105,3
DA:115,2
DA:127,5
DA:138,5
DA:140,5
DA:142,3
DA:163,8
DA:164,2
DA:167,8
DA:174,7
DA:176,7
DA:184,7
DA:185,7
DA:187,7
DA:189,5
DA:190,5
DA:196,5
DA:203,5
DA:205,5
DA:210,5
LF:40
LH:40
BRDA:40,0,0,4
BRDA:40,0,1,3
BRDA:43,1,0,3
BRDA:43,1,1,1
BRDA:68,2,0,1
BRDA:68,2,1,18
BRDA:140,3,0,2
BRDA:140,3,1,3
BRDA:163,4,0,2
BRDA:163,4,1,6
BRDA:187,5,0,2
BRDA:187,5,1,5
BRDA:205,6,0,2
BRDA:205,6,1,3
BRF:14
BRH:14
end_of_record
TN:
SF:routes/_testCommon.js
FN:8,commonBeforeAll
FN:79,commonBeforeEach
FN:83,commonAfterEach
FN:87,commonAfterAll
FNF:4
FNH:4
FNDA:3,commonBeforeAll
FNDA:60,commonBeforeEach
FNDA:60,commonAfterEach
FNDA:3,commonAfterAll
DA:3,3
DA:4,3
DA:5,3
DA:6,3
DA:10,3
DA:12,3
DA:14,3
DA:22,3
DA:30,3
DA:39,3
DA:47,3
DA:55,3
DA:63,3
DA:80,60
DA:84,60
DA:88,3
DA:91,3
DA:92,3
DA:95,3
LF:19
LH:19
BRF:0
BRH:0
end_of_record
TN:
SF:routes/auth.js
FN:22,(anonymous_0)
FN:29,(anonymous_1)
FN:49,(anonymous_2)
FN:56,(anonymous_3)
FNF:4
FNH:4
FNDA:5,(anonymous_0)
FNDA:2,(anonymous_1)
FNDA:3,(anonymous_2)
FNDA:5,(anonymous_3)
DA:5,4
DA:7,4
DA:8,4
DA:9,4
DA:10,4
DA:11,4
DA:12,4
DA:13,4
DA:22,4
DA:23,5
DA:28,5
DA:29,2
DA:30,2
DA:33,3
DA:34,3
DA:35,1
DA:36,1
DA:49,4
DA:50,3
DA:55,3
DA:56,5
DA:57,2
DA:60,1
DA:61,1
DA:62,1
DA:66,4
LF:26
LH:26
BRDA:28,0,0,2
BRDA:28,0,1,3
BRDA:55,1,0,2
BRDA:55,1,1,1
BRF:4
BRH:4
end_of_record
TN:
SF:routes/companies.js
FN:28,(anonymous_0)
FN:35,(anonymous_1)
FN:54,(anonymous_2)
FN:70,(anonymous_3)
FN:86,(anonymous_4)
FN:102,(anonymous_5)
FN:109,(anonymous_6)
FN:122,(anonymous_7)
FNF:8
FNH:8
FNDA:3,(anonymous_0)
FNDA:3,(anonymous_1)
FNDA:8,(anonymous_2)
FNDA:3,(anonymous_3)
FNDA:3,(anonymous_4)
FNDA:4,(anonymous_5)
FNDA:2,(anonymous_6)
FNDA:2,(anonymous_7)
DA:5,4
DA:6,4
DA:8,4
DA:9,4
DA:10,4
DA:12,4
DA:13,4
DA:14,4
DA:16,4
DA:28,4
DA:29,3
DA:34,3
DA:35,3
DA:36,2
DA:39,1
DA:40,1
DA:54,4
DA:55,8
DA:57,8
DA:58,2
DA:60,8
DA:61,2
DA:64,8
DA:69,8
DA:70,3
DA:71,3
DA:74,5
DA:75,4
DA:86,4
DA:87,3
DA:88,2
DA:102,4
DA:103,4
DA:108,4
DA:109,2
DA:110,2
DA:113,2
DA:114,1
DA:122,4
DA:123,2
DA:124,1
DA:128,4
LF:42
LH:42
BRDA:34,0,0,2
BRDA:34,0,1,1
BRDA:57,1,0,2
BRDA:57,1,1,6
BRDA:60,2,0,2
BRDA:60,2,1,6
BRDA:69,3,0,3
BRDA:69,3,1,5
BRDA:108,4,0,2
BRDA:108,4,1,2
BRF:10
BRH:10
end_of_record
TN:
SF:routes/users.js
FN:29,(anonymous_0)
FN:34,(anonymous_1)
FN:50,(anonymous_2)
FN:66,(anonymous_3)
FN:86,(anonymous_4)
FN:93,(anonymous_5)
FN:111,(anonymous_6)
FNF:7
FNH:7
FNDA:4,(anonymous_0)
FNDA:5,(anonymous_1)
FNDA:2,(anonymous_2)
FNDA:3,(anonymous_3)
FNDA:5,(anonymous_4)
FNDA:1,(anonymous_5)
FNDA:3,(anonymous_6)
DA:5,4
DA:7,4
DA:8,4
DA:9,4
DA:10,4
DA:11,4
DA:12,4
DA:13,4
DA:15,4
DA:29,4
DA:30,4
DA:33,4
DA:34,5
DA:35,2
DA:38,2
DA:39,2
DA:40,2
DA:50,4
DA:51,2
DA:52,1
DA:62,4
DA:67,3
DA:68,2
DA:82,4
DA:87,5
DA:92,5
DA:93,1
DA:94,1
DA:97,4
DA:98,3
DA:107,4
DA:112,3
DA:113,2
DA:117,4
LF:34
LH:34
BRDA:33,0,0,2
BRDA:33,0,1,2
BRDA:92,1,0,1
BRDA:92,1,1,4
BRF:4
BRH:4
end_of_record
